  FaceDetection.cpp
c:\opencv\build\include\opencv2\core\mat.hpp(1965): warning C4819: 현재 코드 페이지(949)에서 표시할 수 없는 문자가 파일에 들어 있습니다. 데이터가 손실되지 않게 하려면 해당 파일을 유니코드 형식으로 저장하십시오.
c:\opencv\build\include\opencv2\core\persistence.hpp : warning C4819: 현재 코드 페이지(949)에서 표시할 수 없는 문자가 파일에 들어 있습니다. 데이터가 손실되지 않게 하려면 해당 파일을 유니코드 형식으로 저장하십시오.
c:\opencv\build\include\opencv2\core\utility.hpp : warning C4819: 현재 코드 페이지(949)에서 표시할 수 없는 문자가 파일에 들어 있습니다. 데이터가 손실되지 않게 하려면 해당 파일을 유니코드 형식으로 저장하십시오.
c:\opencv\build\include\opencv2\core\utility.hpp : warning C4819: 현재 코드 페이지(949)에서 표시할 수 없는 문자가 파일에 들어 있습니다. 데이터가 손실되지 않게 하려면 해당 파일을 유니코드 형식으로 저장하십시오.
c:\users\khyoon\desktop\personal color\personal color\personal color\facedetection.cpp(55): warning C4101: 'personalColor' :참조되지 않은 지역 변수입니다.
c:\users\khyoon\desktop\personal color\personal color\personal color\facedetection.cpp(264): warning C4305: '인수': 'int'에서 'uchar'(으)로 잘립니다.
c:\users\khyoon\desktop\personal color\personal color\personal color\facedetection.cpp(264): warning C4309: '인수': 상수 값이 잘립니다.
c:\users\khyoon\desktop\personal color\personal color\personal color\facedetection.cpp(303): warning C4305: '인수': 'int'에서 'uchar'(으)로 잘립니다.
c:\users\khyoon\desktop\personal color\personal color\personal color\facedetection.cpp(303): warning C4309: '인수': 상수 값이 잘립니다.
c:\users\khyoon\desktop\personal color\personal color\personal color\facedetection.cpp(364): warning C4244: '인수': 'double'에서 'int'(으)로 변환하면서 데이터가 손실될 수 있습니다.
c:\users\khyoon\desktop\personal color\personal color\personal color\facedetection.cpp(371): warning C4244: '인수': 'double'에서 'int'(으)로 변환하면서 데이터가 손실될 수 있습니다.
c:\users\khyoon\desktop\personal color\personal color\personal color\facedetection.cpp(378): warning C4244: '인수': 'double'에서 'int'(으)로 변환하면서 데이터가 손실될 수 있습니다.
c:\users\khyoon\desktop\personal color\personal color\personal color\facedetection.cpp(389): warning C4244: '인수': 'double'에서 'int'(으)로 변환하면서 데이터가 손실될 수 있습니다.
c:\users\khyoon\desktop\personal color\personal color\personal color\facedetection.cpp(390): warning C4244: '인수': 'double'에서 'int'(으)로 변환하면서 데이터가 손실될 수 있습니다.
c:\users\khyoon\desktop\personal color\personal color\personal color\facedetection.cpp(625): warning C4244: '=': 'double'에서 'float'(으)로 변환하면서 데이터가 손실될 수 있습니다.
c:\users\khyoon\desktop\personal color\personal color\personal color\facedetection.cpp(626): warning C4244: '=': 'double'에서 'float'(으)로 변환하면서 데이터가 손실될 수 있습니다.
c:\users\khyoon\desktop\personal color\personal color\personal color\facedetection.cpp(629): warning C4244: '=': 'double'에서 'float'(으)로 변환하면서 데이터가 손실될 수 있습니다.
c:\users\khyoon\desktop\personal color\personal color\personal color\facedetection.cpp(630): warning C4244: '=': 'double'에서 'float'(으)로 변환하면서 데이터가 손실될 수 있습니다.
c:\users\khyoon\desktop\personal color\personal color\personal color\facedetection.cpp(632): warning C4244: '=': 'double'에서 'float'(으)로 변환하면서 데이터가 손실될 수 있습니다.
c:\users\khyoon\desktop\personal color\personal color\personal color\facedetection.cpp(672): warning C4101: 'distance' :참조되지 않은 지역 변수입니다.
  Personal Color.vcxproj -> C:\Users\khyoon\Desktop\Personal Color\Personal Color\x64\Debug\Personal Color.exe
